<?xml version="1.0" encoding="UTF-8"?>
<testsuite name="ch.zhaw.ads.ADS2_4_test" tests="1" skipped="0" failures="0" errors="0" timestamp="2023-09-27T22:06:45" hostname="minhkhanh.home" time="0.031">
  <properties/>
  <testcase name="testMixed()" classname="ch.zhaw.ads.ADS2_4_test" time="0.031"/>
  <system-out><![CDATA[]]></system-out>
  <system-err><![CDATA[]]></system-err>
</testsuite>
