<?xml version="1.0" encoding="UTF-8"?>
<testsuite name="ch.zhaw.ads.ADS4_2_test" tests="2" skipped="0" failures="0" errors="0" timestamp="2023-10-10T13:13:43" hostname="minhkhanh.zhaw.ch" time="0.04">
  <properties/>
  <testcase name="testCountEdges()" classname="ch.zhaw.ads.ADS4_2_test" time="0.024"/>
  <testcase name="testAngles()" classname="ch.zhaw.ads.ADS4_2_test" time="0.015"/>
  <system-out><![CDATA[]]></system-out>
  <system-err><![CDATA[]]></system-err>
</testsuite>
