<?xml version="1.0" encoding="UTF-8"?>
<testsuite name="ch.zhaw.ads.ADS8_4_test" tests="3" skipped="0" failures="0" errors="0" timestamp="2023-11-07T14:01:22" hostname="minhkhanh.zhaw.ch" time="0.045">
  <properties/>
  <testcase name="testCreateGraph()" classname="ch.zhaw.ads.ADS8_4_test" time="0.019"/>
  <testcase name="testDrawRoute()" classname="ch.zhaw.ads.ADS8_4_test" time="0.021"/>
  <testcase name="testDrawLabyrinth()" classname="ch.zhaw.ads.ADS8_4_test" time="0.002"/>
  <system-out><![CDATA[]]></system-out>
  <system-err><![CDATA[]]></system-err>
</testsuite>
