<?xml version="1.0" encoding="UTF-8"?>
<testsuite name="ch.zhaw.ads.ADS11_3_test" tests="7" skipped="0" failures="0" errors="0" timestamp="2023-12-05T09:14:55" hostname="minhkhanh.zhaw.ch" time="6.838">
  <properties/>
  <testcase name="testSelectionSort()" classname="ch.zhaw.ads.ADS11_3_test" time="0.08"/>
  <testcase name="testRandomData()" classname="ch.zhaw.ads.ADS11_3_test" time="0.002"/>
  <testcase name="testBubbleSort()" classname="ch.zhaw.ads.ADS11_3_test" time="0.148"/>
  <testcase name="testAscendingData()" classname="ch.zhaw.ads.ADS11_3_test" time="0.006"/>
  <testcase name="testDescendingData()" classname="ch.zhaw.ads.ADS11_3_test" time="0.009"/>
  <testcase name="testInsertionSort()" classname="ch.zhaw.ads.ADS11_3_test" time="0.042"/>
  <testcase name="testMeasureTime()" classname="ch.zhaw.ads.ADS11_3_test" time="6.545"/>
  <system-out><![CDATA[]]></system-out>
  <system-err><![CDATA[]]></system-err>
</testsuite>
