<?xml version="1.0" encoding="UTF-8"?>
<testsuite name="ch.zhaw.ads.ADS12_3_test" tests="4" skipped="0" failures="0" errors="0" timestamp="2023-12-05T14:06:35" hostname="minhkhanh.zhaw.ch" time="0.069">
  <properties/>
  <testcase name="testRandomData()" classname="ch.zhaw.ads.ADS12_3_test" time="0.022"/>
  <testcase name="testAscendingData()" classname="ch.zhaw.ads.ADS12_3_test" time="0.002"/>
  <testcase name="testCompleteData()" classname="ch.zhaw.ads.ADS12_3_test" time="0.038"/>
  <testcase name="testDescendingData()" classname="ch.zhaw.ads.ADS12_3_test" time="0.003"/>
  <system-out><![CDATA[]]></system-out>
  <system-err><![CDATA[]]></system-err>
</testsuite>
