<?xml version="1.0" encoding="UTF-8"?>
<testsuite name="ch.zhaw.ads.ADS9_4_test" tests="1" skipped="0" failures="0" errors="0" timestamp="2023-11-16T11:07:12" hostname="minhkhanh.home" time="0.022">
  <properties/>
  <testcase name="testAdd()" classname="ch.zhaw.ads.ADS9_4_test" time="0.022"/>
  <system-out><![CDATA[]]></system-out>
  <system-err><![CDATA[]]></system-err>
</testsuite>
